#
# A fatal error has been detected by the Java Runtime Environment:
#
#  EXCEPTION_ACCESS_VIOLATION (0xc0000005) at pc=0x0000000064a01967, pid=12324, tid=8728
#
# JRE version: OpenJDK Runtime Environment Corretto-11.0.8.10.1 (11.0.8+10) (build 11.0.8+10-LTS)
# Java VM: OpenJDK 64-Bit Server VM Corretto-11.0.8.10.1 (11.0.8+10-LTS, mixed mode, tiered, compressed oops, g1 gc, windows-amd64)
# Problematic frame:
# C  [imgui-java64.dll+0x1967]
#
# No core dump will be written. Minidumps are not enabled by default on client versions of Windows
#
# If you would like to submit a bug report, please visit:
#   https://bugreport.java.com/bugreport/crash.jsp
# The crash happened outside the Java Virtual Machine in native code.
# See problematic frame for where to report the bug.
#

---------------  S U M M A R Y ------------

Command Line: -Dfile.encoding=windows-1252 -Duser.country=DK -Duser.language=da -Duser.variant com.udeGames.animationStudios.Main

Host: AMD A8-9600 RADEON R7, 10 COMPUTE CORES 4C+6G  , 4 cores, 15G,  Windows 10 , 64 bit Build 18362 (10.0.18362.1110)
Time: Sat Nov 21 11:53:40 2020 Rom, normaltid elapsed time: 2 seconds (0d 0h 0m 2s)

---------------  T H R E A D  ---------------

Current thread (0x0000021b535f3800):  JavaThread "main" [_thread_in_native, id=8728, stack(0x000000435db00000,0x000000435dc00000)]

Stack: [0x000000435db00000,0x000000435dc00000],  sp=0x000000435dbfef30,  free space=1019k
Native frames: (J=compiled Java code, j=interpreted, Vv=VM code, C=native code)
C  [imgui-java64.dll+0x1967]

Java frames: (J=compiled Java code, j=interpreted, Vv=VM code)
j  imgui.ImDrawData.getCmdListsCount()I+0
j  imgui.gl3.ImGuiImplGl3.renderDrawData(Limgui/ImDrawData;)V+1
j  com.udeGames.animationStudios.ImGuiLayer.endFrame()V+7
j  com.udeGames.animationStudios.Main.loop()V+11
j  com.udeGames.animationStudios.Main.run(Ljava/lang/String;)V+122
j  com.udeGames.animationStudios.Main.main([Ljava/lang/String;)V+8
v  ~StubRoutines::call_stub

siginfo: EXCEPTION_ACCESS_VIOLATION (0xc0000005), reading address 0x0000000000000010


Register to memory mapping:

RIP=0x0000000064a01967 imgui-java64.dll
RAX=0x0 is NULL
RBX={method} {0x0000021b02f5e420} 'getCmdListsCount' '()I' in 'imgui/ImDrawData'
RCX=0x0000021b535f3b40 points into unknown readable memory: 00 00 28 02 1b 02 00 00
RDX=0x000000435dbff000 is pointing into the stack for thread: 0x0000021b535f3800
RSP=0x000000435dbfef30 is pointing into the stack for thread: 0x0000021b535f3800
RBP=0x000000435dbfefe0 is pointing into the stack for thread: 0x0000021b535f3800
RSI=0x0000000000000002 is an unknown value
RDI=0x0000021b5bc49890 is at code_begin+1040 in an Interpreter codelet
invoke return entry points  [0x0000021b5bc49480, 0x0000021b5bc49e80]  2560 bytes
R8 =0x0000000000000042 is an unknown value
R9 =0x0000000716e22728 is an oop: imgui.ImDrawData 
{0x0000000716e22728} - klass: 'imgui/ImDrawData'
R10=0x0000000000000078 is an unknown value
R11=0x00007ffbbff2735c jvm.dll
R12=0x0000021b535f3b40 points into unknown readable memory: 00 00 28 02 1b 02 00 00
R13=0x000000435dbff000 is pointing into the stack for thread: 0x0000021b535f3800
R14=0x000000435dbff000 is pointing into the stack for thread: 0x0000021b535f3800
R15=0x0000021b535f3800 is a thread


Registers:
RAX=0x0000000000000000, RBX=0x0000021b02f5e418, RCX=0x0000021b535f3b40, RDX=0x000000435dbff000
RSP=0x000000435dbfef30, RBP=0x000000435dbfefe0, RSI=0x0000000000000002, RDI=0x0000021b5bc49890
R8 =0x0000000000000042, R9 =0x0000000716e22728, R10=0x0000000000000078, R11=0x00007ffbbff2735c
R12=0x0000021b535f3b40, R13=0x000000435dbff000, R14=0x000000435dbff000, R15=0x0000021b535f3800
RIP=0x0000000064a01967, EFLAGS=0x0000000000010246

Top of Stack: (sp=0x000000435dbfef30)
0x000000435dbfef30:   0000021b02f5e418 0000021b5bc4ede0
0x000000435dbfef40:   0000021b535f3800 0000021b02f5e418
0x000000435dbfef50:   0000021b535f3800 0000000000000000
0x000000435dbfef60:   0000021b02f5e418 0000021b5bc4ef97
0x000000435dbfef70:   0000021b535f3800 0000021b02f5e418
0x000000435dbfef80:   000000435dbfefe0 0000000000000002
0x000000435dbfef90:   0000021b5bc4ec36 000000435dbfef98
0x000000435dbfefa0:   0000021b02f5e418 000000435dbff000
0x000000435dbfefb0:   0000021b02f5eea8 0000000000000000
0x000000435dbfefc0:   00000007171c02c8 0000021b02f5e418
0x000000435dbfefd0:   0000000000000000 000000435dbff000
0x000000435dbfefe0:   000000435dbff050 0000021b5bc497c0
0x000000435dbfeff0:   0000000000000000 0000021b5bc4bf36
0x000000435dbff000:   0000000716e22728 000000435dbff008
0x000000435dbff010:   0000021b02f12119 000000435dbff0d0
0x000000435dbff020:   0000021b02f13e50 0000000000000000 

Instructions: (pc=0x0000000064a01967)
0x0000000064a01867:   4d 8b 0c 24 4c 89 ea 4c 89 e1 49 89 c0 41 ff 91
0x0000000064a01877:   28 03 00 00 48 8b 40 08 48 8b 04 d8 8b 40 20 48
0x0000000064a01887:   83 c4 20 5b 41 5c 41 5d c3 41 56 41 55 41 54 56
0x0000000064a01897:   53 48 83 ec 20 8b 74 24 70 49 89 cd 49 89 d6 49
0x0000000064a018a7:   63 d8 4d 89 cc 4d 85 c9 74 0f 48 8b 01 4c 89 ca
0x0000000064a018b7:   ff 90 30 07 00 00 49 89 c4 e8 bb ee 0a 00 4d 8b
0x0000000064a018c7:   4d 00 4c 89 f2 4c 89 e9 49 89 c0 41 ff 91 28 03
0x0000000064a018d7:   00 00 4c 63 c6 4c 89 e1 48 8b 40 08 48 8b 04 d8
0x0000000064a018e7:   48 8b 50 28 48 83 c4 20 5b 5e 41 5c 41 5d 41 5e
0x0000000064a018f7:   e9 54 86 14 00 0f 1f 40 00 41 55 41 54 48 83 ec
0x0000000064a01907:   28 49 89 cc 49 89 d5 e8 6d ee 0a 00 4d 8b 0c 24
0x0000000064a01917:   4c 89 ea 4c 89 e1 49 89 c0 41 ff 91 28 03 00 00
0x0000000064a01927:   0f b6 00 48 83 c4 28 41 5c 41 5d c3 66 66 2e 0f
0x0000000064a01937:   1f 84 00 00 00 00 00 66 90 41 55 41 54 48 83 ec
0x0000000064a01947:   28 49 89 cc 49 89 d5 e8 2d ee 0a 00 4d 8b 0c 24
0x0000000064a01957:   4c 89 ea 4c 89 e1 49 89 c0 41 ff 91 28 03 00 00
0x0000000064a01967:   8b 40 10 48 83 c4 28 41 5c 41 5d c3 66 66 2e 0f
0x0000000064a01977:   1f 84 00 00 00 00 00 66 90 41 55 41 54 48 83 ec
0x0000000064a01987:   28 49 89 cc 49 89 d5 e8 ed ed 0a 00 4d 8b 0c 24
0x0000000064a01997:   4c 89 ea 4c 89 e1 49 89 c0 41 ff 91 28 03 00 00
0x0000000064a019a7:   8b 40 14 48 83 c4 28 41 5c 41 5d c3 66 66 2e 0f
0x0000000064a019b7:   1f 84 00 00 00 00 00 66 90 41 55 41 54 48 83 ec
0x0000000064a019c7:   28 49 89 cc 49 89 d5 e8 ad ed 0a 00 4d 8b 0c 24
0x0000000064a019d7:   4c 89 ea 4c 89 e1 49 89 c0 41 ff 91 28 03 00 00
0x0000000064a019e7:   8b 40 18 48 83 c4 28 41 5c 41 5d c3 66 66 2e 0f
0x0000000064a019f7:   1f 84 00 00 00 00 00 66 90 41 55 41 54 53 48 83
0x0000000064a01a07:   ec 20 49 89 cc 4c 89 c3 49 89 d5 e8 69 ed 0a 00
0x0000000064a01a17:   4d 8b 0c 24 4c 89 ea 4c 89 e1 49 89 c0 41 ff 91
0x0000000064a01a27:   28 03 00 00 49 89 d8 4c 89 e1 48 8d 50 1c 48 83
0x0000000064a01a37:   c4 20 5b 41 5c 41 5d e9 5d f2 0a 00 66 66 2e 0f
0x0000000064a01a47:   1f 84 00 00 00 00 00 66 90 41 55 41 54 48 83 ec
0x0000000064a01a57:   28 49 89 cc 49 89 d5 e8 1d ed 0a 00 4d 8b 0c 24 


Stack slot to memory mapping:
stack at sp + 0 slots: {method} {0x0000021b02f5e420} 'getCmdListsCount' '()I' in 'imgui/ImDrawData'
stack at sp + 1 slots: 0x0000021b5bc4ede0 is at code_begin+608 in an Interpreter codelet
method entry point (kind = native)  [0x0000021b5bc4eb80, 0x0000021b5bc4f620]  2720 bytes
stack at sp + 2 slots: 0x0000021b535f3800 is a thread
stack at sp + 3 slots: {method} {0x0000021b02f5e420} 'getCmdListsCount' '()I' in 'imgui/ImDrawData'
stack at sp + 4 slots: 0x0000021b535f3800 is a thread
stack at sp + 5 slots: 0x0 is NULL
stack at sp + 6 slots: {method} {0x0000021b02f5e420} 'getCmdListsCount' '()I' in 'imgui/ImDrawData'
stack at sp + 7 slots: 0x0000021b5bc4ef97 is at code_begin+1047 in an Interpreter codelet
method entry point (kind = native)  [0x0000021b5bc4eb80, 0x0000021b5bc4f620]  2720 bytes


---------------  P R O C E S S  ---------------

Threads class SMR info:
_java_thread_list=0x0000021b7f9184d0, length=13, elements={
0x0000021b535f3800, 0x0000021b76cd4000, 0x0000021b76cde800, 0x0000021b76d33800,
0x0000021b76d37000, 0x0000021b76d3a000, 0x0000021b76d41800, 0x0000021b76d43000,
0x0000021b76ea1000, 0x0000021b76ea8800, 0x0000021b77aaf000, 0x0000021b77ab0800,
0x0000021b77a67800
}

Java Threads: ( => current thread )
=>0x0000021b535f3800 JavaThread "main" [_thread_in_native, id=8728, stack(0x000000435db00000,0x000000435dc00000)]
  0x0000021b76cd4000 JavaThread "Reference Handler" daemon [_thread_blocked, id=12712, stack(0x000000435e200000,0x000000435e300000)]
  0x0000021b76cde800 JavaThread "Finalizer" daemon [_thread_blocked, id=5588, stack(0x000000435e300000,0x000000435e400000)]
  0x0000021b76d33800 JavaThread "Signal Dispatcher" daemon [_thread_blocked, id=12612, stack(0x000000435e400000,0x000000435e500000)]
  0x0000021b76d37000 JavaThread "Attach Listener" daemon [_thread_blocked, id=1800, stack(0x000000435e500000,0x000000435e600000)]
  0x0000021b76d3a000 JavaThread "C2 CompilerThread0" daemon [_thread_blocked, id=6156, stack(0x000000435e600000,0x000000435e700000)]
  0x0000021b76d41800 JavaThread "C1 CompilerThread0" daemon [_thread_blocked, id=2508, stack(0x000000435e700000,0x000000435e800000)]
  0x0000021b76d43000 JavaThread "Sweeper thread" daemon [_thread_blocked, id=3940, stack(0x000000435e800000,0x000000435e900000)]
  0x0000021b76ea1000 JavaThread "Service Thread" daemon [_thread_blocked, id=8088, stack(0x000000435e900000,0x000000435ea00000)]
  0x0000021b76ea8800 JavaThread "Common-Cleaner" daemon [_thread_blocked, id=11456, stack(0x000000435eb00000,0x000000435ec00000)]
  0x0000021b77aaf000 JavaThread "Java2D Disposer" daemon [_thread_blocked, id=9580, stack(0x000000435ec00000,0x000000435ed00000)]
  0x0000021b77ab0800 JavaThread "AWT-Windows" daemon [_thread_in_native, id=13120, stack(0x000000435f400000,0x000000435f500000)]
  0x0000021b77a67800 JavaThread "C2 CompilerThread1" daemon [_thread_blocked, id=5124, stack(0x0000004360000000,0x0000004360100000)]

Other Threads:
  0x0000021b7644c800 VMThread "VM Thread" [stack: 0x000000435e100000,0x000000435e200000] [id=12824]
  0x0000021b76eb9800 WatcherThread [stack: 0x000000435ea00000,0x000000435eb00000] [id=1644]
  0x0000021b53606800 GCTaskThread "GC Thread#0" [stack: 0x000000435dc00000,0x000000435dd00000] [id=3016]
  0x0000021b776ba800 GCTaskThread "GC Thread#1" [stack: 0x000000435ed00000,0x000000435ee00000] [id=4760]
  0x0000021b77684800 GCTaskThread "GC Thread#2" [stack: 0x000000435ee00000,0x000000435ef00000] [id=12564]
  0x0000021b77522800 GCTaskThread "GC Thread#3" [stack: 0x000000435ef00000,0x000000435f000000] [id=10664]
  0x0000021b53660000 ConcurrentGCThread "G1 Main Marker" [stack: 0x000000435dd00000,0x000000435de00000] [id=11476]
  0x0000021b53661800 ConcurrentGCThread "G1 Conc#0" [stack: 0x000000435de00000,0x000000435df00000] [id=11684]
  0x0000021b762ff800 ConcurrentGCThread "G1 Refine#0" [stack: 0x000000435df00000,0x000000435e000000] [id=12620]
  0x0000021b76300800 ConcurrentGCThread "G1 Young RemSet Sampling" [stack: 0x000000435e000000,0x000000435e100000] [id=12764]

Threads with active compile tasks:

VM state:not at safepoint (normal execution)

VM Mutex/Monitor currently owned by a thread: None

Heap address: 0x0000000708e00000, size: 3954 MB, Compressed Oops mode: Zero based, Oop shift amount: 3
Narrow klass base: 0x0000000800000000, Narrow klass shift: 0
Compressed class space size: 1073741824 Address: 0x0000000800000000

Heap:
 garbage-first heap   total 253952K, used 23486K [0x0000000708e00000, 0x0000000800000000)
  region size 1024K, 24 young (24576K), 2 survivors (2048K)
 Metaspace       used 15335K, capacity 15636K, committed 16000K, reserved 1064960K
  class space    used 1178K, capacity 1283K, committed 1408K, reserved 1048576K
Heap Regions: E=young(eden), S=young(survivor), O=old, HS=humongous(starts), HC=humongous(continues), CS=collection set, F=free, A=archive, TAMS=top-at-mark-start (previous, next)
|   0|0x0000000708e00000, 0x0000000708e00000, 0x0000000708f00000|  0%| F|  |TAMS 0x0000000708e00000, 0x0000000708e00000| Untracked 
|   1|0x0000000708f00000, 0x0000000708f00000, 0x0000000709000000|  0%| F|  |TAMS 0x0000000708f00000, 0x0000000708f00000| Untracked 
|   2|0x0000000709000000, 0x0000000709000000, 0x0000000709100000|  0%| F|  |TAMS 0x0000000709000000, 0x0000000709000000| Untracked 
|   3|0x0000000709100000, 0x0000000709100000, 0x0000000709200000|  0%| F|  |TAMS 0x0000000709100000, 0x0000000709100000| Untracked 
|   4|0x0000000709200000, 0x0000000709200000, 0x0000000709300000|  0%| F|  |TAMS 0x0000000709200000, 0x0000000709200000| Untracked 
|   5|0x0000000709300000, 0x0000000709300000, 0x0000000709400000|  0%| F|  |TAMS 0x0000000709300000, 0x0000000709300000| Untracked 
|   6|0x0000000709400000, 0x0000000709400000, 0x0000000709500000|  0%| F|  |TAMS 0x0000000709400000, 0x0000000709400000| Untracked 
|   7|0x0000000709500000, 0x0000000709500000, 0x0000000709600000|  0%| F|  |TAMS 0x0000000709500000, 0x0000000709500000| Untracked 
|   8|0x0000000709600000, 0x0000000709600000, 0x0000000709700000|  0%| F|  |TAMS 0x0000000709600000, 0x0000000709600000| Untracked 
|   9|0x0000000709700000, 0x0000000709700000, 0x0000000709800000|  0%| F|  |TAMS 0x0000000709700000, 0x0000000709700000| Untracked 
|  10|0x0000000709800000, 0x0000000709800000, 0x0000000709900000|  0%| F|  |TAMS 0x0000000709800000, 0x0000000709800000| Untracked 
|  11|0x0000000709900000, 0x0000000709900000, 0x0000000709a00000|  0%| F|  |TAMS 0x0000000709900000, 0x0000000709900000| Untracked 
|  12|0x0000000709a00000, 0x0000000709a00000, 0x0000000709b00000|  0%| F|  |TAMS 0x0000000709a00000, 0x0000000709a00000| Untracked 
|  13|0x0000000709b00000, 0x0000000709b00000, 0x0000000709c00000|  0%| F|  |TAMS 0x0000000709b00000, 0x0000000709b00000| Untracked 
|  14|0x0000000709c00000, 0x0000000709c00000, 0x0000000709d00000|  0%| F|  |TAMS 0x0000000709c00000, 0x0000000709c00000| Untracked 
|  15|0x0000000709d00000, 0x0000000709d00000, 0x0000000709e00000|  0%| F|  |TAMS 0x0000000709d00000, 0x0000000709d00000| Untracked 
|  16|0x0000000709e00000, 0x0000000709e00000, 0x0000000709f00000|  0%| F|  |TAMS 0x0000000709e00000, 0x0000000709e00000| Untracked 
|  17|0x0000000709f00000, 0x0000000709f00000, 0x000000070a000000|  0%| F|  |TAMS 0x0000000709f00000, 0x0000000709f00000| Untracked 
|  18|0x000000070a000000, 0x000000070a000000, 0x000000070a100000|  0%| F|  |TAMS 0x000000070a000000, 0x000000070a000000| Untracked 
|  19|0x000000070a100000, 0x000000070a100000, 0x000000070a200000|  0%| F|  |TAMS 0x000000070a100000, 0x000000070a100000| Untracked 
|  20|0x000000070a200000, 0x000000070a200000, 0x000000070a300000|  0%| F|  |TAMS 0x000000070a200000, 0x000000070a200000| Untracked 
|  21|0x000000070a300000, 0x000000070a300000, 0x000000070a400000|  0%| F|  |TAMS 0x000000070a300000, 0x000000070a300000| Untracked 
|  22|0x000000070a400000, 0x000000070a400000, 0x000000070a500000|  0%| F|  |TAMS 0x000000070a400000, 0x000000070a400000| Untracked 
|  23|0x000000070a500000, 0x000000070a500000, 0x000000070a600000|  0%| F|  |TAMS 0x000000070a500000, 0x000000070a500000| Untracked 
|  24|0x000000070a600000, 0x000000070a600000, 0x000000070a700000|  0%| F|  |TAMS 0x000000070a600000, 0x000000070a600000| Untracked 
|  25|0x000000070a700000, 0x000000070a700000, 0x000000070a800000|  0%| F|  |TAMS 0x000000070a700000, 0x000000070a700000| Untracked 
|  26|0x000000070a800000, 0x000000070a800000, 0x000000070a900000|  0%| F|  |TAMS 0x000000070a800000, 0x000000070a800000| Untracked 
|  27|0x000000070a900000, 0x000000070a900000, 0x000000070aa00000|  0%| F|  |TAMS 0x000000070a900000, 0x000000070a900000| Untracked 
|  28|0x000000070aa00000, 0x000000070aa00000, 0x000000070ab00000|  0%| F|  |TAMS 0x000000070aa00000, 0x000000070aa00000| Untracked 
|  29|0x000000070ab00000, 0x000000070ab00000, 0x000000070ac00000|  0%| F|  |TAMS 0x000000070ab00000, 0x000000070ab00000| Untracked 
|  30|0x000000070ac00000, 0x000000070ac00000, 0x000000070ad00000|  0%| F|  |TAMS 0x000000070ac00000, 0x000000070ac00000| Untracked 
|  31|0x000000070ad00000, 0x000000070ad00000, 0x000000070ae00000|  0%| F|  |TAMS 0x000000070ad00000, 0x000000070ad00000| Untracked 
|  32|0x000000070ae00000, 0x000000070ae00000, 0x000000070af00000|  0%| F|  |TAMS 0x000000070ae00000, 0x000000070ae00000| Untracked 
|  33|0x000000070af00000, 0x000000070af00000, 0x000000070b000000|  0%| F|  |TAMS 0x000000070af00000, 0x000000070af00000| Untracked 
|  34|0x000000070b000000, 0x000000070b000000, 0x000000070b100000|  0%| F|  |TAMS 0x000000070b000000, 0x000000070b000000| Untracked 
|  35|0x000000070b100000, 0x000000070b100000, 0x000000070b200000|  0%| F|  |TAMS 0x000000070b100000, 0x000000070b100000| Untracked 
|  36|0x000000070b200000, 0x000000070b200000, 0x000000070b300000|  0%| F|  |TAMS 0x000000070b200000, 0x000000070b200000| Untracked 
|  37|0x000000070b300000, 0x000000070b300000, 0x000000070b400000|  0%| F|  |TAMS 0x000000070b300000, 0x000000070b300000| Untracked 
|  38|0x000000070b400000, 0x000000070b400000, 0x000000070b500000|  0%| F|  |TAMS 0x000000070b400000, 0x000000070b400000| Untracked 
|  39|0x000000070b500000, 0x000000070b500000, 0x000000070b600000|  0%| F|  |TAMS 0x000000070b500000, 0x000000070b500000| Untracked 
|  40|0x000000070b600000, 0x000000070b600000, 0x000000070b700000|  0%| F|  |TAMS 0x000000070b600000, 0x000000070b600000| Untracked 
|  41|0x000000070b700000, 0x000000070b700000, 0x000000070b800000|  0%| F|  |TAMS 0x000000070b700000, 0x000000070b700000| Untracked 
|  42|0x000000070b800000, 0x000000070b800000, 0x000000070b900000|  0%| F|  |TAMS 0x000000070b800000, 0x000000070b800000| Untracked 
|  43|0x000000070b900000, 0x000000070b900000, 0x000000070ba00000|  0%| F|  |TAMS 0x000000070b900000, 0x000000070b900000| Untracked 
|  44|0x000000070ba00000, 0x000000070ba00000, 0x000000070bb00000|  0%| F|  |TAMS 0x000000070ba00000, 0x000000070ba00000| Untracked 
|  45|0x000000070bb00000, 0x000000070bb00000, 0x000000070bc00000|  0%| F|  |TAMS 0x000000070bb00000, 0x000000070bb00000| Untracked 
|  46|0x000000070bc00000, 0x000000070bc00000, 0x000000070bd00000|  0%| F|  |TAMS 0x000000070bc00000, 0x000000070bc00000| Untracked 
|  47|0x000000070bd00000, 0x000000070bd00000, 0x000000070be00000|  0%| F|  |TAMS 0x000000070bd00000, 0x000000070bd00000| Untracked 
|  48|0x000000070be00000, 0x000000070be00000, 0x000000070bf00000|  0%| F|  |TAMS 0x000000070be00000, 0x000000070be00000| Untracked 
|  49|0x000000070bf00000, 0x000000070bf00000, 0x000000070c000000|  0%| F|  |TAMS 0x000000070bf00000, 0x000000070bf00000| Untracked 
|  50|0x000000070c000000, 0x000000070c000000, 0x000000070c100000|  0%| F|  |TAMS 0x000000070c000000, 0x000000070c000000| Untracked 
|  51|0x000000070c100000, 0x000000070c100000, 0x000000070c200000|  0%| F|  |TAMS 0x000000070c100000, 0x000000070c100000| Untracked 
|  52|0x000000070c200000, 0x000000070c200000, 0x000000070c300000|  0%| F|  |TAMS 0x000000070c200000, 0x000000070c200000| Untracked 
|  53|0x000000070c300000, 0x000000070c300000, 0x000000070c400000|  0%| F|  |TAMS 0x000000070c300000, 0x000000070c300000| Untracked 
|  54|0x000000070c400000, 0x000000070c400000, 0x000000070c500000|  0%| F|  |TAMS 0x000000070c400000, 0x000000070c400000| Untracked 
|  55|0x000000070c500000, 0x000000070c500000, 0x000000070c600000|  0%| F|  |TAMS 0x000000070c500000, 0x000000070c500000| Untracked 
|  56|0x000000070c600000, 0x000000070c600000, 0x000000070c700000|  0%| F|  |TAMS 0x000000070c600000, 0x000000070c600000| Untracked 
|  57|0x000000070c700000, 0x000000070c700000, 0x000000070c800000|  0%| F|  |TAMS 0x000000070c700000, 0x000000070c700000| Untracked 
|  58|0x000000070c800000, 0x000000070c800000, 0x000000070c900000|  0%| F|  |TAMS 0x000000070c800000, 0x000000070c800000| Untracked 
|  59|0x000000070c900000, 0x000000070c900000, 0x000000070ca00000|  0%| F|  |TAMS 0x000000070c900000, 0x000000070c900000| Untracked 
|  60|0x000000070ca00000, 0x000000070ca00000, 0x000000070cb00000|  0%| F|  |TAMS 0x000000070ca00000, 0x000000070ca00000| Untracked 
|  61|0x000000070cb00000, 0x000000070cb00000, 0x000000070cc00000|  0%| F|  |TAMS 0x000000070cb00000, 0x000000070cb00000| Untracked 
|  62|0x000000070cc00000, 0x000000070cc00000, 0x000000070cd00000|  0%| F|  |TAMS 0x000000070cc00000, 0x000000070cc00000| Untracked 
|  63|0x000000070cd00000, 0x000000070cd00000, 0x000000070ce00000|  0%| F|  |TAMS 0x000000070cd00000, 0x000000070cd00000| Untracked 
|  64|0x000000070ce00000, 0x000000070ce00000, 0x000000070cf00000|  0%| F|  |TAMS 0x000000070ce00000, 0x000000070ce00000| Untracked 
|  65|0x000000070cf00000, 0x000000070cf00000, 0x000000070d000000|  0%| F|  |TAMS 0x000000070cf00000, 0x000000070cf00000| Untracked 
|  66|0x000000070d000000, 0x000000070d000000, 0x000000070d100000|  0%| F|  |TAMS 0x000000070d000000, 0x000000070d000000| Untracked 
|  67|0x000000070d100000, 0x000000070d100000, 0x000000070d200000|  0%| F|  |TAMS 0x000000070d100000, 0x000000070d100000| Untracked 
|  68|0x000000070d200000, 0x000000070d200000, 0x000000070d300000|  0%| F|  |TAMS 0x000000070d200000, 0x000000070d200000| Untracked 
|  69|0x000000070d300000, 0x000000070d300000, 0x000000070d400000|  0%| F|  |TAMS 0x000000070d300000, 0x000000070d300000| Untracked 
|  70|0x000000070d400000, 0x000000070d400000, 0x000000070d500000|  0%| F|  |TAMS 0x000000070d400000, 0x000000070d400000| Untracked 
|  71|0x000000070d500000, 0x000000070d500000, 0x000000070d600000|  0%| F|  |TAMS 0x000000070d500000, 0x000000070d500000| Untracked 
|  72|0x000000070d600000, 0x000000070d600000, 0x000000070d700000|  0%| F|  |TAMS 0x000000070d600000, 0x000000070d600000| Untracked 
|  73|0x000000070d700000, 0x000000070d700000, 0x000000070d800000|  0%| F|  |TAMS 0x000000070d700000, 0x000000070d700000| Untracked 
|  74|0x000000070d800000, 0x000000070d800000, 0x000000070d900000|  0%| F|  |TAMS 0x000000070d800000, 0x000000070d800000| Untracked 
|  75|0x000000070d900000, 0x000000070d900000, 0x000000070da00000|  0%| F|  |TAMS 0x000000070d900000, 0x000000070d900000| Untracked 
|  76|0x000000070da00000, 0x000000070da00000, 0x000000070db00000|  0%| F|  |TAMS 0x000000070da00000, 0x000000070da00000| Untracked 
|  77|0x000000070db00000, 0x000000070db00000, 0x000000070dc00000|  0%| F|  |TAMS 0x000000070db00000, 0x000000070db00000| Untracked 
|  78|0x000000070dc00000, 0x000000070dc00000, 0x000000070dd00000|  0%| F|  |TAMS 0x000000070dc00000, 0x000000070dc00000| Untracked 
|  79|0x000000070dd00000, 0x000000070dd00000, 0x000000070de00000|  0%| F|  |TAMS 0x000000070dd00000, 0x000000070dd00000| Untracked 
|  80|0x000000070de00000, 0x000000070de00000, 0x000000070df00000|  0%| F|  |TAMS 0x000000070de00000, 0x000000070de00000| Untracked 
|  81|0x000000070df00000, 0x000000070df00000, 0x000000070e000000|  0%| F|  |TAMS 0x000000070df00000, 0x000000070df00000| Untracked 
|  82|0x000000070e000000, 0x000000070e000000, 0x000000070e100000|  0%| F|  |TAMS 0x000000070e000000, 0x000000070e000000| Untracked 
|  83|0x000000070e100000, 0x000000070e100000, 0x000000070e200000|  0%| F|  |TAMS 0x000000070e100000, 0x000000070e100000| Untracked 
|  84|0x000000070e200000, 0x000000070e200000, 0x000000070e300000|  0%| F|  |TAMS 0x000000070e200000, 0x000000070e200000| Untracked 
|  85|0x000000070e300000, 0x000000070e300000, 0x000000070e400000|  0%| F|  |TAMS 0x000000070e300000, 0x000000070e300000| Untracked 
|  86|0x000000070e400000, 0x000000070e400000, 0x000000070e500000|  0%| F|  |TAMS 0x000000070e400000, 0x000000070e400000| Untracked 
|  87|0x000000070e500000, 0x000000070e500000, 0x000000070e600000|  0%| F|  |TAMS 0x000000070e500000, 0x000000070e500000| Untracked 
|  88|0x000000070e600000, 0x000000070e600000, 0x000000070e700000|  0%| F|  |TAMS 0x000000070e600000, 0x000000070e600000| Untracked 
|  89|0x000000070e700000, 0x000000070e700000, 0x000000070e800000|  0%| F|  |TAMS 0x000000070e700000, 0x000000070e700000| Untracked 
|  90|0x000000070e800000, 0x000000070e800000, 0x000000070e900000|  0%| F|  |TAMS 0x000000070e800000, 0x000000070e800000| Untracked 
|  91|0x000000070e900000, 0x000000070e900000, 0x000000070ea00000|  0%| F|  |TAMS 0x000000070e900000, 0x000000070e900000| Untracked 
|  92|0x000000070ea00000, 0x000000070ea00000, 0x000000070eb00000|  0%| F|  |TAMS 0x000000070ea00000, 0x000000070ea00000| Untracked 
|  93|0x000000070eb00000, 0x000000070eb00000, 0x000000070ec00000|  0%| F|  |TAMS 0x000000070eb00000, 0x000000070eb00000| Untracked 
|  94|0x000000070ec00000, 0x000000070ec00000, 0x000000070ed00000|  0%| F|  |TAMS 0x000000070ec00000, 0x000000070ec00000| Untracked 
|  95|0x000000070ed00000, 0x000000070ed00000, 0x000000070ee00000|  0%| F|  |TAMS 0x000000070ed00000, 0x000000070ed00000| Untracked 
|  96|0x000000070ee00000, 0x000000070ee00000, 0x000000070ef00000|  0%| F|  |TAMS 0x000000070ee00000, 0x000000070ee00000| Untracked 
|  97|0x000000070ef00000, 0x000000070ef00000, 0x000000070f000000|  0%| F|  |TAMS 0x000000070ef00000, 0x000000070ef00000| Untracked 
|  98|0x000000070f000000, 0x000000070f000000, 0x000000070f100000|  0%| F|  |TAMS 0x000000070f000000, 0x000000070f000000| Untracked 
|  99|0x000000070f100000, 0x000000070f100000, 0x000000070f200000|  0%| F|  |TAMS 0x000000070f100000, 0x000000070f100000| Untracked 
| 100|0x000000070f200000, 0x000000070f200000, 0x000000070f300000|  0%| F|  |TAMS 0x000000070f200000, 0x000000070f200000| Untracked 
| 101|0x000000070f300000, 0x000000070f300000, 0x000000070f400000|  0%| F|  |TAMS 0x000000070f300000, 0x000000070f300000| Untracked 
| 102|0x000000070f400000, 0x000000070f400000, 0x000000070f500000|  0%| F|  |TAMS 0x000000070f400000, 0x000000070f400000| Untracked 
| 103|0x000000070f500000, 0x000000070f500000, 0x000000070f600000|  0%| F|  |TAMS 0x000000070f500000, 0x000000070f500000| Untracked 
| 104|0x000000070f600000, 0x000000070f600000, 0x000000070f700000|  0%| F|  |TAMS 0x000000070f600000, 0x000000070f600000| Untracked 
| 105|0x000000070f700000, 0x000000070f700000, 0x000000070f800000|  0%| F|  |TAMS 0x000000070f700000, 0x000000070f700000| Untracked 
| 106|0x000000070f800000, 0x000000070f800000, 0x000000070f900000|  0%| F|  |TAMS 0x000000070f800000, 0x000000070f800000| Untracked 
| 107|0x000000070f900000, 0x000000070f900000, 0x000000070fa00000|  0%| F|  |TAMS 0x000000070f900000, 0x000000070f900000| Untracked 
| 108|0x000000070fa00000, 0x000000070fa00000, 0x000000070fb00000|  0%| F|  |TAMS 0x000000070fa00000, 0x000000070fa00000| Untracked 
| 109|0x000000070fb00000, 0x000000070fb00000, 0x000000070fc00000|  0%| F|  |TAMS 0x000000070fb00000, 0x000000070fb00000| Untracked 
| 110|0x000000070fc00000, 0x000000070fc00000, 0x000000070fd00000|  0%| F|  |TAMS 0x000000070fc00000, 0x000000070fc00000| Untracked 
| 111|0x000000070fd00000, 0x000000070fd00000, 0x000000070fe00000|  0%| F|  |TAMS 0x000000070fd00000, 0x000000070fd00000| Untracked 
| 112|0x000000070fe00000, 0x000000070fe00000, 0x000000070ff00000|  0%| F|  |TAMS 0x000000070fe00000, 0x000000070fe00000| Untracked 
| 113|0x000000070ff00000, 0x000000070ff00000, 0x0000000710000000|  0%| F|  |TAMS 0x000000070ff00000, 0x000000070ff00000| Untracked 
| 114|0x0000000710000000, 0x0000000710000000, 0x0000000710100000|  0%| F|  |TAMS 0x0000000710000000, 0x0000000710000000| Untracked 
| 115|0x0000000710100000, 0x0000000710100000, 0x0000000710200000|  0%| F|  |TAMS 0x0000000710100000, 0x0000000710100000| Untracked 
| 116|0x0000000710200000, 0x0000000710200000, 0x0000000710300000|  0%| F|  |TAMS 0x0000000710200000, 0x0000000710200000| Untracked 
| 117|0x0000000710300000, 0x0000000710300000, 0x0000000710400000|  0%| F|  |TAMS 0x0000000710300000, 0x0000000710300000| Untracked 
| 118|0x0000000710400000, 0x0000000710400000, 0x0000000710500000|  0%| F|  |TAMS 0x0000000710400000, 0x0000000710400000| Untracked 
| 119|0x0000000710500000, 0x0000000710500000, 0x0000000710600000|  0%| F|  |TAMS 0x0000000710500000, 0x0000000710500000| Untracked 
| 120|0x0000000710600000, 0x0000000710600000, 0x0000000710700000|  0%| F|  |TAMS 0x0000000710600000, 0x0000000710600000| Untracked 
| 121|0x0000000710700000, 0x0000000710700000, 0x0000000710800000|  0%| F|  |TAMS 0x0000000710700000, 0x0000000710700000| Untracked 
| 122|0x0000000710800000, 0x0000000710800000, 0x0000000710900000|  0%| F|  |TAMS 0x0000000710800000, 0x0000000710800000| Untracked 
| 123|0x0000000710900000, 0x0000000710900000, 0x0000000710a00000|  0%| F|  |TAMS 0x0000000710900000, 0x0000000710900000| Untracked 
| 124|0x0000000710a00000, 0x0000000710a00000, 0x0000000710b00000|  0%| F|  |TAMS 0x0000000710a00000, 0x0000000710a00000| Untracked 
| 125|0x0000000710b00000, 0x0000000710b00000, 0x0000000710c00000|  0%| F|  |TAMS 0x0000000710b00000, 0x0000000710b00000| Untracked 
| 126|0x0000000710c00000, 0x0000000710c00000, 0x0000000710d00000|  0%| F|  |TAMS 0x0000000710c00000, 0x0000000710c00000| Untracked 
| 127|0x0000000710d00000, 0x0000000710d00000, 0x0000000710e00000|  0%| F|  |TAMS 0x0000000710d00000, 0x0000000710d00000| Untracked 
| 128|0x0000000710e00000, 0x0000000710e00000, 0x0000000710f00000|  0%| F|  |TAMS 0x0000000710e00000, 0x0000000710e00000| Untracked 
| 129|0x0000000710f00000, 0x0000000710f00000, 0x0000000711000000|  0%| F|  |TAMS 0x0000000710f00000, 0x0000000710f00000| Untracked 
| 130|0x0000000711000000, 0x0000000711000000, 0x0000000711100000|  0%| F|  |TAMS 0x0000000711000000, 0x0000000711000000| Untracked 
| 131|0x0000000711100000, 0x0000000711100000, 0x0000000711200000|  0%| F|  |TAMS 0x0000000711100000, 0x0000000711100000| Untracked 
| 132|0x0000000711200000, 0x0000000711200000, 0x0000000711300000|  0%| F|  |TAMS 0x0000000711200000, 0x0000000711200000| Untracked 
| 133|0x0000000711300000, 0x0000000711300000, 0x0000000711400000|  0%| F|  |TAMS 0x0000000711300000, 0x0000000711300000| Untracked 
| 134|0x0000000711400000, 0x0000000711400000, 0x0000000711500000|  0%| F|  |TAMS 0x0000000711400000, 0x0000000711400000| Untracked 
| 135|0x0000000711500000, 0x0000000711500000, 0x0000000711600000|  0%| F|  |TAMS 0x0000000711500000, 0x0000000711500000| Untracked 
| 136|0x0000000711600000, 0x0000000711600000, 0x0000000711700000|  0%| F|  |TAMS 0x0000000711600000, 0x0000000711600000| Untracked 
| 137|0x0000000711700000, 0x0000000711700000, 0x0000000711800000|  0%| F|  |TAMS 0x0000000711700000, 0x0000000711700000| Untracked 
| 138|0x0000000711800000, 0x0000000711800000, 0x0000000711900000|  0%| F|  |TAMS 0x0000000711800000, 0x0000000711800000| Untracked 
| 139|0x0000000711900000, 0x0000000711900000, 0x0000000711a00000|  0%| F|  |TAMS 0x0000000711900000, 0x0000000711900000| Untracked 
| 140|0x0000000711a00000, 0x0000000711a00000, 0x0000000711b00000|  0%| F|  |TAMS 0x0000000711a00000, 0x0000000711a00000| Untracked 
| 141|0x0000000711b00000, 0x0000000711b00000, 0x0000000711c00000|  0%| F|  |TAMS 0x0000000711b00000, 0x0000000711b00000| Untracked 
| 142|0x0000000711c00000, 0x0000000711c00000, 0x0000000711d00000|  0%| F|  |TAMS 0x0000000711c00000, 0x0000000711c00000| Untracked 
| 143|0x0000000711d00000, 0x0000000711d00000, 0x0000000711e00000|  0%| F|  |TAMS 0x0000000711d00000, 0x0000000711d00000| Untracked 
| 144|0x0000000711e00000, 0x0000000711e00000, 0x0000000711f00000|  0%| F|  |TAMS 0x0000000711e00000, 0x0000000711e00000| Untracked 
| 145|0x0000000711f00000, 0x0000000711f00000, 0x0000000712000000|  0%| F|  |TAMS 0x0000000711f00000, 0x0000000711f00000| Untracked 
| 146|0x0000000712000000, 0x0000000712000000, 0x0000000712100000|  0%| F|  |TAMS 0x0000000712000000, 0x0000000712000000| Untracked 
| 147|0x0000000712100000, 0x0000000712100000, 0x0000000712200000|  0%| F|  |TAMS 0x0000000712100000, 0x0000000712100000| Untracked 
| 148|0x0000000712200000, 0x0000000712200000, 0x0000000712300000|  0%| F|  |TAMS 0x0000000712200000, 0x0000000712200000| Untracked 
| 149|0x0000000712300000, 0x0000000712300000, 0x0000000712400000|  0%| F|  |TAMS 0x0000000712300000, 0x0000000712300000| Untracked 
| 150|0x0000000712400000, 0x0000000712400000, 0x0000000712500000|  0%| F|  |TAMS 0x0000000712400000, 0x0000000712400000| Untracked 
| 151|0x0000000712500000, 0x0000000712500000, 0x0000000712600000|  0%| F|  |TAMS 0x0000000712500000, 0x0000000712500000| Untracked 
| 152|0x0000000712600000, 0x0000000712600000, 0x0000000712700000|  0%| F|  |TAMS 0x0000000712600000, 0x0000000712600000| Untracked 
| 153|0x0000000712700000, 0x0000000712700000, 0x0000000712800000|  0%| F|  |TAMS 0x0000000712700000, 0x0000000712700000| Untracked 
| 154|0x0000000712800000, 0x0000000712800000, 0x0000000712900000|  0%| F|  |TAMS 0x0000000712800000, 0x0000000712800000| Untracked 
| 155|0x0000000712900000, 0x0000000712900000, 0x0000000712a00000|  0%| F|  |TAMS 0x0000000712900000, 0x0000000712900000| Untracked 
| 156|0x0000000712a00000, 0x0000000712a00000, 0x0000000712b00000|  0%| F|  |TAMS 0x0000000712a00000, 0x0000000712a00000| Untracked 
| 157|0x0000000712b00000, 0x0000000712b00000, 0x0000000712c00000|  0%| F|  |TAMS 0x0000000712b00000, 0x0000000712b00000| Untracked 
| 158|0x0000000712c00000, 0x0000000712c00000, 0x0000000712d00000|  0%| F|  |TAMS 0x0000000712c00000, 0x0000000712c00000| Untracked 
| 159|0x0000000712d00000, 0x0000000712d00000, 0x0000000712e00000|  0%| F|  |TAMS 0x0000000712d00000, 0x0000000712d00000| Untracked 
| 160|0x0000000712e00000, 0x0000000712e00000, 0x0000000712f00000|  0%| F|  |TAMS 0x0000000712e00000, 0x0000000712e00000| Untracked 
| 161|0x0000000712f00000, 0x0000000712f00000, 0x0000000713000000|  0%| F|  |TAMS 0x0000000712f00000, 0x0000000712f00000| Untracked 
| 162|0x0000000713000000, 0x0000000713000000, 0x0000000713100000|  0%| F|  |TAMS 0x0000000713000000, 0x0000000713000000| Untracked 
| 163|0x0000000713100000, 0x0000000713100000, 0x0000000713200000|  0%| F|  |TAMS 0x0000000713100000, 0x0000000713100000| Untracked 
| 164|0x0000000713200000, 0x0000000713200000, 0x0000000713300000|  0%| F|  |TAMS 0x0000000713200000, 0x0000000713200000| Untracked 
| 165|0x0000000713300000, 0x0000000713300000, 0x0000000713400000|  0%| F|  |TAMS 0x0000000713300000, 0x0000000713300000| Untracked 
| 166|0x0000000713400000, 0x0000000713400000, 0x0000000713500000|  0%| F|  |TAMS 0x0000000713400000, 0x0000000713400000| Untracked 
| 167|0x0000000713500000, 0x0000000713500000, 0x0000000713600000|  0%| F|  |TAMS 0x0000000713500000, 0x0000000713500000| Untracked 
| 168|0x0000000713600000, 0x0000000713600000, 0x0000000713700000|  0%| F|  |TAMS 0x0000000713600000, 0x0000000713600000| Untracked 
| 169|0x0000000713700000, 0x0000000713700000, 0x0000000713800000|  0%| F|  |TAMS 0x0000000713700000, 0x0000000713700000| Untracked 
| 170|0x0000000713800000, 0x0000000713800000, 0x0000000713900000|  0%| F|  |TAMS 0x0000000713800000, 0x0000000713800000| Untracked 
| 171|0x0000000713900000, 0x0000000713900000, 0x0000000713a00000|  0%| F|  |TAMS 0x0000000713900000, 0x0000000713900000| Untracked 
| 172|0x0000000713a00000, 0x0000000713a00000, 0x0000000713b00000|  0%| F|  |TAMS 0x0000000713a00000, 0x0000000713a00000| Untracked 
| 173|0x0000000713b00000, 0x0000000713b00000, 0x0000000713c00000|  0%| F|  |TAMS 0x0000000713b00000, 0x0000000713b00000| Untracked 
| 174|0x0000000713c00000, 0x0000000713c00000, 0x0000000713d00000|  0%| F|  |TAMS 0x0000000713c00000, 0x0000000713c00000| Untracked 
| 175|0x0000000713d00000, 0x0000000713d00000, 0x0000000713e00000|  0%| F|  |TAMS 0x0000000713d00000, 0x0000000713d00000| Untracked 
| 176|0x0000000713e00000, 0x0000000713e00000, 0x0000000713f00000|  0%| F|  |TAMS 0x0000000713e00000, 0x0000000713e00000| Untracked 
| 177|0x0000000713f00000, 0x0000000713f00000, 0x0000000714000000|  0%| F|  |TAMS 0x0000000713f00000, 0x0000000713f00000| Untracked 
| 178|0x0000000714000000, 0x0000000714000000, 0x0000000714100000|  0%| F|  |TAMS 0x0000000714000000, 0x0000000714000000| Untracked 
| 179|0x0000000714100000, 0x0000000714100000, 0x0000000714200000|  0%| F|  |TAMS 0x0000000714100000, 0x0000000714100000| Untracked 
| 180|0x0000000714200000, 0x0000000714200000, 0x0000000714300000|  0%| F|  |TAMS 0x0000000714200000, 0x0000000714200000| Untracked 
| 181|0x0000000714300000, 0x0000000714300000, 0x0000000714400000|  0%| F|  |TAMS 0x0000000714300000, 0x0000000714300000| Untracked 
| 182|0x0000000714400000, 0x0000000714400000, 0x0000000714500000|  0%| F|  |TAMS 0x0000000714400000, 0x0000000714400000| Untracked 
| 183|0x0000000714500000, 0x0000000714500000, 0x0000000714600000|  0%| F|  |TAMS 0x0000000714500000, 0x0000000714500000| Untracked 
| 184|0x0000000714600000, 0x0000000714600000, 0x0000000714700000|  0%| F|  |TAMS 0x0000000714600000, 0x0000000714600000| Untracked 
| 185|0x0000000714700000, 0x0000000714700000, 0x0000000714800000|  0%| F|  |TAMS 0x0000000714700000, 0x0000000714700000| Untracked 
| 186|0x0000000714800000, 0x0000000714800000, 0x0000000714900000|  0%| F|  |TAMS 0x0000000714800000, 0x0000000714800000| Untracked 
| 187|0x0000000714900000, 0x0000000714900000, 0x0000000714a00000|  0%| F|  |TAMS 0x0000000714900000, 0x0000000714900000| Untracked 
| 188|0x0000000714a00000, 0x0000000714a00000, 0x0000000714b00000|  0%| F|  |TAMS 0x0000000714a00000, 0x0000000714a00000| Untracked 
| 189|0x0000000714b00000, 0x0000000714b00000, 0x0000000714c00000|  0%| F|  |TAMS 0x0000000714b00000, 0x0000000714b00000| Untracked 
| 190|0x0000000714c00000, 0x0000000714c00000, 0x0000000714d00000|  0%| F|  |TAMS 0x0000000714c00000, 0x0000000714c00000| Untracked 
| 191|0x0000000714d00000, 0x0000000714d00000, 0x0000000714e00000|  0%| F|  |TAMS 0x0000000714d00000, 0x0000000714d00000| Untracked 
| 192|0x0000000714e00000, 0x0000000714e00000, 0x0000000714f00000|  0%| F|  |TAMS 0x0000000714e00000, 0x0000000714e00000| Untracked 
| 193|0x0000000714f00000, 0x0000000714f00000, 0x0000000715000000|  0%| F|  |TAMS 0x0000000714f00000, 0x0000000714f00000| Untracked 
| 194|0x0000000715000000, 0x0000000715000000, 0x0000000715100000|  0%| F|  |TAMS 0x0000000715000000, 0x0000000715000000| Untracked 
| 195|0x0000000715100000, 0x0000000715100000, 0x0000000715200000|  0%| F|  |TAMS 0x0000000715100000, 0x0000000715100000| Untracked 
| 196|0x0000000715200000, 0x0000000715200000, 0x0000000715300000|  0%| F|  |TAMS 0x0000000715200000, 0x0000000715200000| Untracked 
| 197|0x0000000715300000, 0x0000000715300000, 0x0000000715400000|  0%| F|  |TAMS 0x0000000715300000, 0x0000000715300000| Untracked 
| 198|0x0000000715400000, 0x0000000715400000, 0x0000000715500000|  0%| F|  |TAMS 0x0000000715400000, 0x0000000715400000| Untracked 
| 199|0x0000000715500000, 0x0000000715500000, 0x0000000715600000|  0%| F|  |TAMS 0x0000000715500000, 0x0000000715500000| Untracked 
| 200|0x0000000715600000, 0x0000000715600000, 0x0000000715700000|  0%| F|  |TAMS 0x0000000715600000, 0x0000000715600000| Untracked 
| 201|0x0000000715700000, 0x0000000715700000, 0x0000000715800000|  0%| F|  |TAMS 0x0000000715700000, 0x0000000715700000| Untracked 
| 202|0x0000000715800000, 0x0000000715800000, 0x0000000715900000|  0%| F|  |TAMS 0x0000000715800000, 0x0000000715800000| Untracked 
| 203|0x0000000715900000, 0x0000000715900000, 0x0000000715a00000|  0%| F|  |TAMS 0x0000000715900000, 0x0000000715900000| Untracked 
| 204|0x0000000715a00000, 0x0000000715a00000, 0x0000000715b00000|  0%| F|  |TAMS 0x0000000715a00000, 0x0000000715a00000| Untracked 
| 205|0x0000000715b00000, 0x0000000715b00000, 0x0000000715c00000|  0%| F|  |TAMS 0x0000000715b00000, 0x0000000715b00000| Untracked 
| 206|0x0000000715c00000, 0x0000000715c00000, 0x0000000715d00000|  0%| F|  |TAMS 0x0000000715c00000, 0x0000000715c00000| Untracked 
| 207|0x0000000715d00000, 0x0000000715d00000, 0x0000000715e00000|  0%| F|  |TAMS 0x0000000715d00000, 0x0000000715d00000| Untracked 
| 208|0x0000000715e00000, 0x0000000715e00000, 0x0000000715f00000|  0%| F|  |TAMS 0x0000000715e00000, 0x0000000715e00000| Untracked 
| 209|0x0000000715f00000, 0x0000000715f00000, 0x0000000716000000|  0%| F|  |TAMS 0x0000000715f00000, 0x0000000715f00000| Untracked 
| 210|0x0000000716000000, 0x0000000716000000, 0x0000000716100000|  0%| F|  |TAMS 0x0000000716000000, 0x0000000716000000| Untracked 
| 211|0x0000000716100000, 0x0000000716100000, 0x0000000716200000|  0%| F|  |TAMS 0x0000000716100000, 0x0000000716100000| Untracked 
| 212|0x0000000716200000, 0x0000000716200000, 0x0000000716300000|  0%| F|  |TAMS 0x0000000716200000, 0x0000000716200000| Untracked 
| 213|0x0000000716300000, 0x0000000716300000, 0x0000000716400000|  0%| F|  |TAMS 0x0000000716300000, 0x0000000716300000| Untracked 
| 214|0x0000000716400000, 0x0000000716400000, 0x0000000716500000|  0%| F|  |TAMS 0x0000000716400000, 0x0000000716400000| Untracked 
| 215|0x0000000716500000, 0x0000000716500000, 0x0000000716600000|  0%| F|  |TAMS 0x0000000716500000, 0x0000000716500000| Untracked 
| 216|0x0000000716600000, 0x0000000716600000, 0x0000000716700000|  0%| F|  |TAMS 0x0000000716600000, 0x0000000716600000| Untracked 
| 217|0x0000000716700000, 0x0000000716700000, 0x0000000716800000|  0%| F|  |TAMS 0x0000000716700000, 0x0000000716700000| Untracked 
| 218|0x0000000716800000, 0x0000000716800000, 0x0000000716900000|  0%| F|  |TAMS 0x0000000716800000, 0x0000000716800000| Untracked 
| 219|0x0000000716900000, 0x0000000716900000, 0x0000000716a00000|  0%| F|  |TAMS 0x0000000716900000, 0x0000000716900000| Untracked 
| 220|0x0000000716a00000, 0x0000000716a00000, 0x0000000716b00000|  0%| F|  |TAMS 0x0000000716a00000, 0x0000000716a00000| Untracked 
| 221|0x0000000716b00000, 0x0000000716b00000, 0x0000000716c00000|  0%| F|  |TAMS 0x0000000716b00000, 0x0000000716b00000| Untracked 
| 222|0x0000000716c00000, 0x0000000716c00000, 0x0000000716d00000|  0%| F|  |TAMS 0x0000000716c00000, 0x0000000716c00000| Untracked 
| 223|0x0000000716d00000, 0x0000000716d00000, 0x0000000716e00000|  0%| F|  |TAMS 0x0000000716d00000, 0x0000000716d00000| Untracked 
| 224|0x0000000716e00000, 0x0000000716e80800, 0x0000000716f00000| 50%| E|  |TAMS 0x0000000716e00000, 0x0000000716e00000| Complete 
| 225|0x0000000716f00000, 0x0000000717000000, 0x0000000717000000|100%| E|CS|TAMS 0x0000000716f00000, 0x0000000716f00000| Complete 
| 226|0x0000000717000000, 0x0000000717100000, 0x0000000717100000|100%| E|CS|TAMS 0x0000000717000000, 0x0000000717000000| Complete 
| 227|0x0000000717100000, 0x0000000717200000, 0x0000000717200000|100%| E|CS|TAMS 0x0000000717100000, 0x0000000717100000| Complete 
| 228|0x0000000717200000, 0x0000000717300000, 0x0000000717300000|100%| E|CS|TAMS 0x0000000717200000, 0x0000000717200000| Complete 
| 229|0x0000000717300000, 0x0000000717400000, 0x0000000717400000|100%| E|CS|TAMS 0x0000000717300000, 0x0000000717300000| Complete 
| 230|0x0000000717400000, 0x0000000717500000, 0x0000000717500000|100%| E|CS|TAMS 0x0000000717400000, 0x0000000717400000| Complete 
| 231|0x0000000717500000, 0x0000000717600000, 0x0000000717600000|100%| E|CS|TAMS 0x0000000717500000, 0x0000000717500000| Complete 
| 232|0x0000000717600000, 0x00000007176efbc8, 0x0000000717700000| 93%| S|CS|TAMS 0x0000000717600000, 0x0000000717600000| Complete 
| 233|0x0000000717700000, 0x0000000717800000, 0x0000000717800000|100%| S|CS|TAMS 0x0000000717700000, 0x0000000717700000| Complete 
| 234|0x0000000717800000, 0x0000000717900000, 0x0000000717900000|100%| E|CS|TAMS 0x0000000717800000, 0x0000000717800000| Complete 
| 235|0x0000000717900000, 0x0000000717a00000, 0x0000000717a00000|100%| E|CS|TAMS 0x0000000717900000, 0x0000000717900000| Complete 
| 236|0x0000000717a00000, 0x0000000717b00000, 0x0000000717b00000|100%| E|CS|TAMS 0x0000000717a00000, 0x0000000717a00000| Complete 
| 237|0x0000000717b00000, 0x0000000717c00000, 0x0000000717c00000|100%| E|CS|TAMS 0x0000000717b00000, 0x0000000717b00000| Complete 
| 238|0x0000000717c00000, 0x0000000717d00000, 0x0000000717d00000|100%| E|CS|TAMS 0x0000000717c00000, 0x0000000717c00000| Complete 
| 239|0x0000000717d00000, 0x0000000717e00000, 0x0000000717e00000|100%| E|CS|TAMS 0x0000000717d00000, 0x0000000717d00000| Complete 
| 240|0x0000000717e00000, 0x0000000717f00000, 0x0000000717f00000|100%| E|CS|TAMS 0x0000000717e00000, 0x0000000717e00000| Complete 
| 241|0x0000000717f00000, 0x0000000718000000, 0x0000000718000000|100%| E|CS|TAMS 0x0000000717f00000, 0x0000000717f00000| Complete 
| 242|0x0000000718000000, 0x0000000718100000, 0x0000000718100000|100%| E|CS|TAMS 0x0000000718000000, 0x0000000718000000| Complete 
| 243|0x0000000718100000, 0x0000000718200000, 0x0000000718200000|100%| E|CS|TAMS 0x0000000718100000, 0x0000000718100000| Complete 
| 244|0x0000000718200000, 0x0000000718300000, 0x0000000718300000|100%| E|CS|TAMS 0x0000000718200000, 0x0000000718200000| Complete 
| 245|0x0000000718300000, 0x0000000718400000, 0x0000000718400000|100%| E|CS|TAMS 0x0000000718300000, 0x0000000718300000| Complete 
| 246|0x0000000718400000, 0x0000000718500000, 0x0000000718500000|100%| E|CS|TAMS 0x0000000718400000, 0x0000000718400000| Complete 
| 247|0x0000000718500000, 0x0000000718600000, 0x0000000718600000|100%| E|CS|TAMS 0x0000000718500000, 0x0000000718500000| Complete 

Card table byte_map: [0x0000021b6b400000,0x0000021b6bbc0000] _byte_map_base: 0x0000021b67bb9000

Marking Bits (Prev, Next): (CMBitMap*) 0x0000021b5364fba8, (CMBitMap*) 0x0000021b5364fbe0
 Prev Bits: [0x0000021b6c380000, 0x0000021b70148000)
 Next Bits: [0x0000021b70150000, 0x0000021b73f18000)

Polling page: 0x0000021b51410000

Metaspace:

Usage:
  Non-class:     14.02 MB capacity,    13.83 MB ( 99%) used,   169.90 KB (  1%) free+waste,    25.75 KB ( <1%) overhead. 
      Class:      1.25 MB capacity,     1.15 MB ( 92%) used,    93.40 KB (  7%) free+waste,    11.13 KB ( <1%) overhead. 
       Both:     15.27 MB capacity,    14.98 MB ( 98%) used,   263.30 KB (  2%) free+waste,    36.88 KB ( <1%) overhead. 

Virtual space:
  Non-class space:       16.00 MB reserved,      14.25 MB ( 89%) committed 
      Class space:        1.00 GB reserved,       1.38 MB ( <1%) committed 
             Both:        1.02 GB reserved,      15.63 MB (  2%) committed 

Chunk freelists:
   Non-Class:  111.00 KB
       Class:  29.00 KB
        Both:  140.00 KB

MaxMetaspaceSize: 17179869184.00 GB
CompressedClassSpaceSize: 1.00 GB

CodeHeap 'non-profiled nmethods': size=120064Kb used=433Kb max_used=433Kb free=119630Kb
 bounds [0x0000021b63700000, 0x0000021b63970000, 0x0000021b6ac40000]
CodeHeap 'profiled nmethods': size=120000Kb used=2173Kb max_used=2173Kb free=117826Kb
 bounds [0x0000021b5c1d0000, 0x0000021b5c440000, 0x0000021b63700000]
CodeHeap 'non-nmethods': size=5696Kb used=1587Kb max_used=1621Kb free=4108Kb
 bounds [0x0000021b5bc40000, 0x0000021b5beb0000, 0x0000021b5c1d0000]
 total_blobs=2328 nmethods=1161 adapters=1080
 compilation: enabled
              stopped_count=0, restarted_count=0
 full_count=0

Compilation events (20 events):
Event: 2.628 Thread 0x0000021b76d41800 1152       3       java.util.concurrent.ConcurrentHashMap$BaseIterator::<init> (21 bytes)
Event: 2.629 Thread 0x0000021b76d41800 nmethod 1152 0x0000021b5c3ebb90 code [0x0000021b5c3ebd60, 0x0000021b5c3ebf38]
Event: 2.629 Thread 0x0000021b76d41800 1153       3       java.util.concurrent.ConcurrentHashMap$Traverser::<init> (36 bytes)
Event: 2.629 Thread 0x0000021b76d41800 nmethod 1153 0x0000021b5c3ec010 code [0x0000021b5c3ec1c0, 0x0000021b5c3ec3b8]
Event: 2.629 Thread 0x0000021b76d41800 1154       3       java.util.concurrent.ConcurrentHashMap$ValueIterator::<init> (12 bytes)
Event: 2.630 Thread 0x0000021b76d41800 nmethod 1154 0x0000021b5c3ec490 code [0x0000021b5c3ec660, 0x0000021b5c3ec898]
Event: 2.635 Thread 0x0000021b76d41800 1155       3       java.util.concurrent.ConcurrentHashMap::isEmpty (15 bytes)
Event: 2.635 Thread 0x0000021b76d41800 nmethod 1155 0x0000021b5c3ec990 code [0x0000021b5c3ecb40, 0x0000021b5c3eccc8]
Event: 2.635 Thread 0x0000021b76d41800 1156       3       java.lang.ClassLoader::findNative (81 bytes)
Event: 2.635 Thread 0x0000021b76d41800 nmethod 1156 0x0000021b5c3ecd90 code [0x0000021b5c3ecfe0, 0x0000021b5c3ed818]
Event: 2.647 Thread 0x0000021b76d41800 1157       3       java.util.HashMap$HashIterator::hasNext (13 bytes)
Event: 2.647 Thread 0x0000021b76d41800 nmethod 1157 0x0000021b5c3eda90 code [0x0000021b5c3edc40, 0x0000021b5c3edd98]
Event: 2.648 Thread 0x0000021b76d41800 1158       3       java.util.HashMap$HashIterator::nextNode (100 bytes)
Event: 2.648 Thread 0x0000021b76d41800 nmethod 1158 0x0000021b5c3ede10 code [0x0000021b5c3ee000, 0x0000021b5c3ee558]
Event: 2.649 Thread 0x0000021b76d41800 1159       3       jdk.internal.jimage.BasicImageReader::getAttributes (48 bytes)
Event: 2.650 Thread 0x0000021b76d41800 nmethod 1159 0x0000021b5c3ee710 code [0x0000021b5c3ee920, 0x0000021b5c3ef048]
Event: 2.656 Thread 0x0000021b77a67800 1160       4       java.lang.Module::isNamed (13 bytes)
Event: 2.657 Thread 0x0000021b77a67800 nmethod 1160 0x0000021b6376c290 code [0x0000021b6376c420, 0x0000021b6376c498]
Event: 2.658 Thread 0x0000021b76d41800 1161       3       sun.nio.cs.SingleByte$Encoder::encode (32 bytes)
Event: 2.658 Thread 0x0000021b76d41800 nmethod 1161 0x0000021b5c3ef290 code [0x0000021b5c3ef440, 0x0000021b5c3ef5f8]

GC Heap History (2 events):
Event: 0.931 GC heap before
{Heap before GC invocations=0 (full 0):
 garbage-first heap   total 253952K, used 14336K [0x0000000708e00000, 0x0000000800000000)
  region size 1024K, 14 young (14336K), 0 survivors (0K)
 Metaspace       used 8105K, capacity 8309K, committed 8448K, reserved 1056768K
  class space    used 695K, capacity 725K, committed 768K, reserved 1048576K
}
Event: 0.937 GC heap after
{Heap after GC invocations=1 (full 0):
 garbage-first heap   total 253952K, used 1982K [0x0000000708e00000, 0x0000000800000000)
  region size 1024K, 2 young (2048K), 2 survivors (2048K)
 Metaspace       used 8105K, capacity 8309K, committed 8448K, reserved 1056768K
  class space    used 695K, capacity 725K, committed 768K, reserved 1048576K
}

Deoptimization events (20 events):
Event: 2.071 Thread 0x0000021b535f3800 DEOPT PACKING pc=0x0000021b6374c2c4 sp=0x000000435dbfdd60
Event: 2.071 Thread 0x0000021b535f3800 DEOPT UNPACKING pc=0x0000021b5bc6722f sp=0x000000435dbfdd38 mode 2
Event: 2.393 Thread 0x0000021b535f3800 Uncommon trap: trap_request=0xffffff5c fr.pc=0x0000021b6374fc80 relative=0x0000000000000060
Event: 2.393 Thread 0x0000021b535f3800 Uncommon trap: reason=speculate_null_assert action=make_not_entrant pc=0x0000021b6374fc80 method=sun.misc.Unsafe.putLong(Ljava/lang/Object;JJ)V @ 7 c2
Event: 2.393 Thread 0x0000021b535f3800 DEOPT PACKING pc=0x0000021b6374fc80 sp=0x000000435dbfed60
Event: 2.393 Thread 0x0000021b535f3800 DEOPT UNPACKING pc=0x0000021b5bc6722f sp=0x000000435dbfecd8 mode 2
Event: 2.551 Thread 0x0000021b535f3800 DEOPT PACKING pc=0x0000021b5c20b05b sp=0x000000435dbfd040
Event: 2.551 Thread 0x0000021b535f3800 DEOPT UNPACKING pc=0x0000021b5bc6704e sp=0x000000435dbfc4b8 mode 0
Event: 2.639 Thread 0x0000021b535f3800 Uncommon trap: trap_request=0xffffff4d fr.pc=0x0000021b6373319c relative=0x000000000000185c
Event: 2.639 Thread 0x0000021b535f3800 Uncommon trap: reason=unstable_if action=reinterpret pc=0x0000021b6373319c method=java.io.WinNTFileSystem.normalize(Ljava/lang/String;II)Ljava/lang/String; @ 8 c2
Event: 2.639 Thread 0x0000021b535f3800 DEOPT PACKING pc=0x0000021b6373319c sp=0x000000435dbfede0
Event: 2.639 Thread 0x0000021b535f3800 DEOPT UNPACKING pc=0x0000021b5bc6722f sp=0x000000435dbfedb0 mode 2
Event: 2.639 Thread 0x0000021b535f3800 Uncommon trap: trap_request=0xffffff4d fr.pc=0x0000021b6370bd00 relative=0x0000000000000060
Event: 2.639 Thread 0x0000021b535f3800 Uncommon trap: reason=unstable_if action=reinterpret pc=0x0000021b6370bd00 method=java.io.WinNTFileSystem.isSlash(C)Z @ 9 c2
Event: 2.639 Thread 0x0000021b535f3800 DEOPT PACKING pc=0x0000021b6370bd00 sp=0x000000435dbfedb0
Event: 2.639 Thread 0x0000021b535f3800 DEOPT UNPACKING pc=0x0000021b5bc6722f sp=0x000000435dbfed38 mode 2
Event: 2.657 Thread 0x0000021b535f3800 Uncommon trap: trap_request=0xffffff4d fr.pc=0x0000021b63723038 relative=0x0000000000000678
Event: 2.657 Thread 0x0000021b535f3800 Uncommon trap: reason=unstable_if action=reinterpret pc=0x0000021b63723038 method=java.lang.Integer.getChars(II[B)I @ 25 c2
Event: 2.657 Thread 0x0000021b535f3800 DEOPT PACKING pc=0x0000021b63723038 sp=0x000000435dbfeda0
Event: 2.657 Thread 0x0000021b535f3800 DEOPT UNPACKING pc=0x0000021b5bc6722f sp=0x000000435dbfecd8 mode 2

Classes redefined (0 events):
No events

Internal exceptions (20 events):
Event: 2.591 Thread 0x0000021b535f3800 Exception <a 'java/security/PrivilegedActionException'{0x0000000717037870}> (0x0000000717037870) thrown at [./src/hotspot/share/prims/jvm.cpp, line 1297]
Event: 2.591 Thread 0x0000021b535f3800 Exception <a 'java/security/PrivilegedActionException'{0x0000000717037b40}> (0x0000000717037b40) thrown at [./src/hotspot/share/prims/jvm.cpp, line 1297]
Event: 2.593 Thread 0x0000021b535f3800 Exception <a 'java/security/PrivilegedActionException'{0x0000000717049680}> (0x0000000717049680) thrown at [./src/hotspot/share/prims/jvm.cpp, line 1297]
Event: 2.593 Thread 0x0000021b535f3800 Exception <a 'java/security/PrivilegedActionException'{0x0000000717049950}> (0x0000000717049950) thrown at [./src/hotspot/share/prims/jvm.cpp, line 1297]
Event: 2.593 Thread 0x0000021b535f3800 Exception <a 'java/security/PrivilegedActionException'{0x000000071704aff0}> (0x000000071704aff0) thrown at [./src/hotspot/share/prims/jvm.cpp, line 1297]
Event: 2.593 Thread 0x0000021b535f3800 Exception <a 'java/security/PrivilegedActionException'{0x000000071704b2c0}> (0x000000071704b2c0) thrown at [./src/hotspot/share/prims/jvm.cpp, line 1297]
Event: 2.593 Thread 0x0000021b535f3800 Exception <a 'java/security/PrivilegedActionException'{0x0000000717055bf0}> (0x0000000717055bf0) thrown at [./src/hotspot/share/prims/jvm.cpp, line 1297]
Event: 2.593 Thread 0x0000021b535f3800 Exception <a 'java/security/PrivilegedActionException'{0x0000000717055ec0}> (0x0000000717055ec0) thrown at [./src/hotspot/share/prims/jvm.cpp, line 1297]
Event: 2.594 Thread 0x0000021b535f3800 Exception <a 'java/security/PrivilegedActionException'{0x00000007170617a8}> (0x00000007170617a8) thrown at [./src/hotspot/share/prims/jvm.cpp, line 1297]
Event: 2.594 Thread 0x0000021b535f3800 Exception <a 'java/security/PrivilegedActionException'{0x0000000717061a78}> (0x0000000717061a78) thrown at [./src/hotspot/share/prims/jvm.cpp, line 1297]
Event: 2.594 Thread 0x0000021b535f3800 Exception <a 'java/security/PrivilegedActionException'{0x0000000717063118}> (0x0000000717063118) thrown at [./src/hotspot/share/prims/jvm.cpp, line 1297]
Event: 2.594 Thread 0x0000021b535f3800 Exception <a 'java/security/PrivilegedActionException'{0x00000007170633e8}> (0x00000007170633e8) thrown at [./src/hotspot/share/prims/jvm.cpp, line 1297]
Event: 2.594 Thread 0x0000021b535f3800 Exception <a 'java/security/PrivilegedActionException'{0x000000071706dd18}> (0x000000071706dd18) thrown at [./src/hotspot/share/prims/jvm.cpp, line 1297]
Event: 2.594 Thread 0x0000021b535f3800 Exception <a 'java/security/PrivilegedActionException'{0x000000071706dfe8}> (0x000000071706dfe8) thrown at [./src/hotspot/share/prims/jvm.cpp, line 1297]
Event: 2.609 Thread 0x0000021b535f3800 Exception <a 'java/security/PrivilegedActionException'{0x0000000716f85808}> (0x0000000716f85808) thrown at [./src/hotspot/share/prims/jvm.cpp, line 1297]
Event: 2.609 Thread 0x0000021b535f3800 Exception <a 'java/security/PrivilegedActionException'{0x0000000716f85ad8}> (0x0000000716f85ad8) thrown at [./src/hotspot/share/prims/jvm.cpp, line 1297]
Event: 2.609 Thread 0x0000021b535f3800 Exception <a 'java/security/PrivilegedActionException'{0x0000000716f87188}> (0x0000000716f87188) thrown at [./src/hotspot/share/prims/jvm.cpp, line 1297]
Event: 2.609 Thread 0x0000021b535f3800 Exception <a 'java/security/PrivilegedActionException'{0x0000000716f87458}> (0x0000000716f87458) thrown at [./src/hotspot/share/prims/jvm.cpp, line 1297]
Event: 2.609 Thread 0x0000021b535f3800 Exception <a 'java/security/PrivilegedActionException'{0x0000000716f91fc8}> (0x0000000716f91fc8) thrown at [./src/hotspot/share/prims/jvm.cpp, line 1297]
Event: 2.609 Thread 0x0000021b535f3800 Exception <a 'java/security/PrivilegedActionException'{0x0000000716f92298}> (0x0000000716f92298) thrown at [./src/hotspot/share/prims/jvm.cpp, line 1297]

Events (20 events):
Event: 2.652 loading class javax/imageio/ImageReader
Event: 2.652 loading class javax/imageio/ImageReader done
Event: 2.652 loading class javax/imageio/metadata/IIOMetadataFormat
Event: 2.653 loading class javax/imageio/metadata/IIOMetadataFormat done
Event: 2.653 loading class javax/imageio/ImageWriter
Event: 2.653 loading class javax/imageio/ImageTranscoder
Event: 2.653 loading class javax/imageio/ImageTranscoder done
Event: 2.653 loading class javax/imageio/ImageWriter done
Event: 2.653 loading class javax/imageio/ImageTypeSpecifier
Event: 2.654 loading class javax/imageio/ImageTypeSpecifier done
Event: 2.654 loading class java/awt/image/RenderedImage
Event: 2.654 loading class java/awt/image/RenderedImage done
Event: 2.654 loading class javax/imageio/IIOException
Event: 2.654 loading class javax/imageio/IIOException done
Event: 2.654 loading class java/lang/Throwable$WrappedPrintStream
Event: 2.654 loading class java/lang/Throwable$PrintStreamOrWriter
Event: 2.655 loading class java/lang/Throwable$PrintStreamOrWriter done
Event: 2.655 loading class java/lang/Throwable$WrappedPrintStream done
Event: 2.655 loading class java/lang/StackTraceElement$HashedModules
Event: 2.656 loading class java/lang/StackTraceElement$HashedModules done


Dynamic libraries:
0x00007ff760880000 - 0x00007ff76088d000 	C:\Program Files\Amazon Corretto\jdk11.0.8_10\bin\java.exe
0x00007ffc048e0000 - 0x00007ffc04ad0000 	C:\Windows\SYSTEM32\ntdll.dll
0x00007ffc03080000 - 0x00007ffc03132000 	C:\Windows\System32\KERNEL32.DLL
0x00007ffc02460000 - 0x00007ffc02705000 	C:\Windows\System32\KERNELBASE.dll
0x00007ffc019d0000 - 0x00007ffc01aca000 	C:\Windows\System32\ucrtbase.dll
0x00007ffbee220000 - 0x00007ffbee237000 	C:\Program Files\Amazon Corretto\jdk11.0.8_10\bin\jli.dll
0x00007ffc03a80000 - 0x00007ffc03c14000 	C:\Windows\System32\USER32.dll
0x00007ffbefec0000 - 0x00007ffbf0144000 	C:\Windows\WinSxS\amd64_microsoft.windows.common-controls_6595b64144ccf1df_6.0.18362.1198_none_9e820b57e45ad92f\COMCTL32.dll
0x00007ffc03620000 - 0x00007ffc036be000 	C:\Windows\System32\msvcrt.dll
0x00007ffc018e0000 - 0x00007ffc01901000 	C:\Windows\System32\win32u.dll
0x00007ffc03a30000 - 0x00007ffc03a56000 	C:\Windows\System32\GDI32.dll
0x00007ffc04560000 - 0x00007ffc04895000 	C:\Windows\System32\combase.dll
0x00007ffc01ad0000 - 0x00007ffc01c66000 	C:\Windows\System32\gdi32full.dll
0x00007ffc03900000 - 0x00007ffc03a20000 	C:\Windows\System32\RPCRT4.dll
0x00007ffc01910000 - 0x00007ffc019ae000 	C:\Windows\System32\msvcp_win.dll
0x00007ffc027c0000 - 0x00007ffc02840000 	C:\Windows\System32\bcryptPrimitives.dll
0x00007ffbf7e40000 - 0x00007ffbf7e55000 	C:\Program Files\Amazon Corretto\jdk11.0.8_10\bin\VCRUNTIME140.dll
0x00007ffc04410000 - 0x00007ffc0443e000 	C:\Windows\System32\IMM32.DLL
0x00007ffbecd30000 - 0x00007ffbecdcb000 	C:\Program Files\Amazon Corretto\jdk11.0.8_10\bin\msvcp140.dll
0x00007ffbbf520000 - 0x00007ffbbffdd000 	C:\Program Files\Amazon Corretto\jdk11.0.8_10\bin\server\jvm.dll
0x00007ffc03140000 - 0x00007ffc031e3000 	C:\Windows\System32\ADVAPI32.dll
0x00007ffc034d0000 - 0x00007ffc03567000 	C:\Windows\System32\sechost.dll
0x00007ffc03a60000 - 0x00007ffc03a68000 	C:\Windows\System32\PSAPI.DLL
0x00007ffbfe0e0000 - 0x00007ffbfe0e9000 	C:\Windows\SYSTEM32\WSOCK32.dll
0x00007ffbff7f0000 - 0x00007ffbff814000 	C:\Windows\SYSTEM32\WINMM.dll
0x00007ffc04440000 - 0x00007ffc044af000 	C:\Windows\System32\WS2_32.dll
0x00007ffbf89f0000 - 0x00007ffbf89fa000 	C:\Windows\SYSTEM32\VERSION.dll
0x00007ffbff7c0000 - 0x00007ffbff7ed000 	C:\Windows\SYSTEM32\WINMMBASE.dll
0x00007ffc01890000 - 0x00007ffc018da000 	C:\Windows\System32\cfgmgr32.dll
0x00007ffc017a0000 - 0x00007ffc017b1000 	C:\Windows\System32\kernel.appcore.dll
0x00007ffbfdfc0000 - 0x00007ffbfdfd0000 	C:\Program Files\Amazon Corretto\jdk11.0.8_10\bin\verify.dll
0x00007ffbef4f0000 - 0x00007ffbef6e4000 	C:\Windows\SYSTEM32\DBGHELP.DLL
0x00007ffbef4c0000 - 0x00007ffbef4ea000 	C:\Windows\SYSTEM32\dbgcore.DLL
0x00007ffbedda0000 - 0x00007ffbeddc8000 	C:\Program Files\Amazon Corretto\jdk11.0.8_10\bin\java.dll
0x00007ffbfa280000 - 0x00007ffbfa28a000 	C:\Program Files\Amazon Corretto\jdk11.0.8_10\bin\jimage.dll
0x00007ffbedd80000 - 0x00007ffbedd97000 	C:\Program Files\Amazon Corretto\jdk11.0.8_10\bin\zip.dll
0x00007ffc02990000 - 0x00007ffc03077000 	C:\Windows\System32\SHELL32.dll
0x00007ffc044b0000 - 0x00007ffc04559000 	C:\Windows\System32\shcore.dll
0x00007ffc01c70000 - 0x00007ffc023f1000 	C:\Windows\System32\windows.storage.dll
0x00007ffc017c0000 - 0x00007ffc017e3000 	C:\Windows\System32\profapi.dll
0x00007ffc017f0000 - 0x00007ffc0183a000 	C:\Windows\System32\powrprof.dll
0x00007ffc01790000 - 0x00007ffc017a0000 	C:\Windows\System32\UMPDC.dll
0x00007ffc03c20000 - 0x00007ffc03c72000 	C:\Windows\System32\shlwapi.dll
0x00007ffc019b0000 - 0x00007ffc019c7000 	C:\Windows\System32\cryptsp.dll
0x00007ffbecac0000 - 0x00007ffbecad9000 	C:\Program Files\Amazon Corretto\jdk11.0.8_10\bin\net.dll
0x00007ffbf49f0000 - 0x00007ffbf4ae0000 	C:\Windows\SYSTEM32\WINHTTP.dll
0x00007ffc00fe0000 - 0x00007ffc01047000 	C:\Windows\system32\mswsock.dll
0x00007ffbecaa0000 - 0x00007ffbecab2000 	C:\Program Files\Amazon Corretto\jdk11.0.8_10\bin\nio.dll
0x00007ffbea830000 - 0x00007ffbea894000 	C:\Users\TEMP\AppData\Local\Temp\lwjglBjarke Lund\3.2.3-build-13\lwjgl.dll
0x00007ffbd9c40000 - 0x00007ffbd9e93000 	C:\Users\TEMP\AppData\Local\Temp\lwjglBjarke Lund\3.2.3-build-13\jemalloc.dll
0x00007ffbe2640000 - 0x00007ffbe26a2000 	C:\Users\TEMP\AppData\Local\Temp\lwjglBjarke Lund\3.2.3-build-13\glfw.dll
0x00007ffbffab0000 - 0x00007ffbffb49000 	C:\Windows\system32\uxtheme.dll
0x00007ffbe26f0000 - 0x00007ffbe2733000 	C:\Windows\SYSTEM32\dinput8.dll
0x00007ffbec4c0000 - 0x00007ffbec4d1000 	C:\Windows\SYSTEM32\xinput1_4.dll
0x00007ffc01580000 - 0x00007ffc015aa000 	C:\Windows\SYSTEM32\DEVOBJ.dll
0x00007ffbfff00000 - 0x00007ffbfff2d000 	C:\Windows\SYSTEM32\dwmapi.dll
0x00007ffbf5f40000 - 0x00007ffbf605b000 	C:\Windows\SYSTEM32\inputhost.dll
0x00007ffbfcdb0000 - 0x00007ffbfd0da000 	C:\Windows\SYSTEM32\CoreUIComponents.dll
0x00007ffbfcb30000 - 0x00007ffbfcc83000 	C:\Windows\SYSTEM32\wintypes.dll
0x00007ffc007d0000 - 0x00007ffc00801000 	C:\Windows\SYSTEM32\ntmarta.dll
0x00007ffbff060000 - 0x00007ffbff134000 	C:\Windows\SYSTEM32\CoreMessaging.dll
0x00007ffbfe6d0000 - 0x00007ffbfe7c0000 	C:\Windows\SYSTEM32\PROPSYS.dll
0x00007ffc036c0000 - 0x00007ffc03785000 	C:\Windows\System32\OLEAUT32.dll
0x00007ffc03c80000 - 0x00007ffc03db5000 	C:\Windows\System32\MSCTF.dll
0x00007ffc00370000 - 0x00007ffc0037e000 	C:\Windows\SYSTEM32\HID.DLL
0x00007ffc03fa0000 - 0x00007ffc04410000 	C:\Windows\System32\SETUPAPI.DLL
0x00007ffc01860000 - 0x00007ffc01886000 	C:\Windows\System32\bcrypt.dll
0x00007ffc02400000 - 0x00007ffc0245c000 	C:\Windows\System32\WINTRUST.dll
0x00007ffc01840000 - 0x00007ffc01852000 	C:\Windows\System32\MSASN1.dll
0x00007ffc02840000 - 0x00007ffc02989000 	C:\Windows\System32\CRYPT32.dll
0x00007ffbddbb0000 - 0x00007ffbddd49000 	C:\Program Files\Amazon Corretto\jdk11.0.8_10\bin\awt.dll
0x00007ffbff820000 - 0x00007ffbff8af000 	C:\Windows\SYSTEM32\apphelp.dll
0x00007ffc03dc0000 - 0x00007ffc03f17000 	C:\Windows\System32\ole32.dll
0x00007ffbdfed0000 - 0x00007ffbe0026000 	C:\Windows\system32\opengl32.dll
0x00007ffbfd990000 - 0x00007ffbfd9bc000 	C:\Windows\SYSTEM32\GLU32.dll
0x00007ffc003d0000 - 0x00007ffc003f0000 	C:\Windows\SYSTEM32\dxcore.dll
0x00007ffbdfd00000 - 0x00007ffbdfec7000 	C:\Windows\system32\d3d9.dll
0x00007ffbf8a00000 - 0x00007ffbf8bdd000 	C:\Windows\System32\DriverStore\FileRepository\u0346830.inf_amd64_35731e557194973d\B345901\aticfx64.dll
0x00007ffbe53b0000 - 0x00007ffbe53e0000 	C:\Windows\System32\DriverStore\FileRepository\u0346830.inf_amd64_35731e557194973d\B345901\atiu9p64.dll
0x00007ffbbd740000 - 0x00007ffbbe40e000 	C:\Windows\System32\DriverStore\FileRepository\u0346830.inf_amd64_35731e557194973d\B345901\atiumd64.dll
0x000000005c3a0000 - 0x000000005d134000 	C:\Windows\System32\DriverStore\FileRepository\u0346830.inf_amd64_35731e557194973d\B345901\atiumd6a.dll
0x00007ffbe4510000 - 0x00007ffbe4538000 	C:\Windows\System32\DriverStore\FileRepository\u0346830.inf_amd64_35731e557194973d\B345901\atig6pxx.dll
0x00007ffbdbd60000 - 0x00007ffbdbf08000 	C:\Windows\SYSTEM32\atiadlxx.dll
0x00007ffbba6e0000 - 0x00007ffbbd735000 	C:\Windows\System32\DriverStore\FileRepository\u0346830.inf_amd64_35731e557194973d\B345901\atio6axx.dll
0x00007ffbfdfe0000 - 0x00007ffbfe003000 	C:\Windows\SYSTEM32\dxva2.dll
0x00007ffbe2b80000 - 0x00007ffbe2bb9000 	C:\Windows\System32\DriverStore\FileRepository\u0346830.inf_amd64_35731e557194973d\B345901\atig6txx.dll
0x00007ffbf5ea0000 - 0x00007ffbf5f3e000 	C:\Windows\System32\TextInputFramework.dll
0x00007ffbf81d0000 - 0x00007ffbf8477000 	C:\Windows\System32\iertutil.dll
0x00007ffbe0d70000 - 0x00007ffbe0dc9000 	C:\Users\TEMP\AppData\Local\Temp\lwjglBjarke Lund\3.2.3-build-13\lwjgl_opengl.dll
0x0000000064a00000 - 0x0000000064bea000 	C:\Users\TEMP\AppData\Local\Temp\imgui-java-natives_1605956020211\imgui-java64.dll
0x00007ffc00b50000 - 0x00007ffc00b83000 	C:\Windows\system32\rsaenh.dll
0x00007ffc011b0000 - 0x00007ffc011bc000 	C:\Windows\SYSTEM32\CRYPTBASE.dll

dbghelp: loaded successfully - version: 4.0.5 - missing functions: none
symbol engine: initialized successfully - sym options: 0x614 - pdb path: .;C:\Program Files\Amazon Corretto\jdk11.0.8_10\bin;C:\Windows\SYSTEM32;C:\Windows\WinSxS\amd64_microsoft.windows.common-controls_6595b64144ccf1df_6.0.18362.1198_none_9e820b57e45ad92f;C:\Program Files\Amazon Corretto\jdk11.0.8_10\bin\server;C:\Users\TEMP\AppData\Local\Temp\lwjglBjarke Lund\3.2.3-build-13;C:\Windows\System32\DriverStore\FileRepository\u0346830.inf_amd64_35731e557194973d\B345901;C:\Users\TEMP\AppData\Local\Temp\imgui-java-natives_1605956020211

VM Arguments:
jvm_args: -Dfile.encoding=windows-1252 -Duser.country=DK -Duser.language=da -Duser.variant 
java_command: com.udeGames.animationStudios.Main
java_class_path (initial): C:\dev\animateStudio\build\classes\java\main;C:\dev\animateStudio\build\resources\main;C:\dev\animateStudio\firstPartyLibarys\saveLoadSystem.jar;C:\Users\TEMP\.gradle\caches\modules-2\files-2.1\io.imgui.java\imgui-java-lwjgl3\1.79-1.4.0\1e285072f798a765c1f0af939ffad5219915fbfa\imgui-java-lwjgl3-1.79-1.4.0.jar;C:\Users\TEMP\.gradle\caches\modules-2\files-2.1\io.imgui.java\imgui-java-binding\1.79-1.4.0\bd77dce083c0d37dfb627cd27cadfd99b08d5383\imgui-java-binding-1.79-1.4.0.jar;C:\Users\TEMP\.gradle\caches\modules-2\files-2.1\org.lwjgl\lwjgl-assimp\3.2.3\f62aa07a20afbdd3097efc296c4841e0d29700eb\lwjgl-assimp-3.2.3.jar;C:\Users\TEMP\.gradle\caches\modules-2\files-2.1\org.lwjgl\lwjgl-assimp\3.2.3\4e60aeb75f0343c4a9ede4ef8b6b32ca702a00a3\lwjgl-assimp-3.2.3-natives-windows.jar;C:\Users\TEMP\.gradle\caches\modules-2\files-2.1\org.lwjgl\lwjgl-bgfx\3.2.3\433883c4040fa8df47244dffa1d42c96ce2143de\lwjgl-bgfx-3.2.3.jar;C:\Users\TEMP\.gradle\caches\modules-2\files-2.1\org.lwjgl\lwjgl-bgfx\3.2.3\f589da97dd3cfa96f42c8c812a0a028cf28223b8\lwjgl-bgfx-3.2.3-natives-windows.jar;C:\Users\TEMP\.gradle\caches\modules-2\files-2.1\org.lwjgl\lwjgl-cuda\3.2.3\fb91f3aaa29e69eee7f1314a63d3e3068ad138e4\lwjgl-cuda-3.2.3.jar;C:\Users\TEMP\.gradle\caches\modules-2\files-2.1\org.lwjgl\lwjgl-egl\3.2.3\45ad689a4346fac69d4e8696fa02aaa98f0ea196\lwjgl-egl-3.2.3.jar;C:\Users\TEMP\.gradle\caches\modules-2\files-2.1\org.lwjgl\lwjgl-glfw\3.2.3\5e520d5c290c8b012545a8d34fa5db5ab051ea53\lwjgl-glfw-3.2.3.jar;C:\Users\TEMP\.gradle\caches\modules-2\files-2.1\org.lwjgl\lwjgl-glfw\3.2.3\b4d8a3477cdc2edcf7a5f1e822926be846223f54\lwjgl-glfw-3.2.3-natives-windows.jar;C:\Users\TEMP\.gradle\caches\modules-2\files-2.1\org.lwjgl\lwjgl-jawt\3.2.3\b93ceb43c55c28651e178af42e1f344e1e9d8bf3\lwjgl-jawt-3.2.3.jar;C:\Users\TEMP\.gradle\caches\modules-2\files-2.1\org.lwjgl\lwjgl-jemalloc\3.2.3\b6fd0932171ba3f2eaa4547beddca3a3e645342d\lwjgl-jemalloc-3.2.3.jar;C:\Users\TEMP\.gradle\caches\modules-2\files-2.1\o
Launcher Type: SUN_STANDARD

[Global flags]
     intx CICompilerCount                          = 3                                         {product} {ergonomic}
     uint ConcGCThreads                            = 1                                         {product} {ergonomic}
     uint G1ConcRefinementThreads                  = 4                                         {product} {ergonomic}
   size_t G1HeapRegionSize                         = 1048576                                   {product} {ergonomic}
    uintx GCDrainStackTargetSize                   = 64                                        {product} {ergonomic}
   size_t InitialHeapSize                          = 260046848                                 {product} {ergonomic}
   size_t MarkStackSize                            = 4194304                                   {product} {ergonomic}
   size_t MaxHeapSize                              = 4146069504                                {product} {ergonomic}
   size_t MaxNewSize                               = 2487222272                                {product} {ergonomic}
   size_t MinHeapDeltaBytes                        = 1048576                                   {product} {ergonomic}
    uintx NonNMethodCodeHeapSize                   = 5830732                                {pd product} {ergonomic}
    uintx NonProfiledCodeHeapSize                  = 122913754                              {pd product} {ergonomic}
    uintx ProfiledCodeHeapSize                     = 122913754                              {pd product} {ergonomic}
    uintx ReservedCodeCacheSize                    = 251658240                              {pd product} {ergonomic}
     bool SegmentedCodeCache                       = true                                      {product} {ergonomic}
     bool UseCompressedClassPointers               = true                                 {lp64_product} {ergonomic}
     bool UseCompressedOops                        = true                                 {lp64_product} {ergonomic}
     bool UseG1GC                                  = true                                      {product} {ergonomic}
     bool UseLargePagesIndividualAllocation        = false                                  {pd product} {ergonomic}

Logging:
Log output configuration:
 #0: stdout all=warning uptime,level,tags
 #1: stderr all=off uptime,level,tags

Environment Variables:
JAVA_HOME=C:\Program Files\Amazon Corretto\jdk11.0.8_10
PATH=C:\Program Files\Amazon Corretto\jdk11.0.8_10\bin;C:\Program Files (x86)\Razer Chroma SDK\bin;C:\Program Files\Razer Chroma SDK\bin;C:\Program Files (x86)\Razer\ChromaBroadcast\bin;C:\Program Files\Razer\ChromaBroadcast\bin;C:\Program Files (x86)\Common Files\Oracle\Java\javapath;C:\Windows\system32;C:\Windows;C:\Windows\System32\Wbem;C:\Windows\System32\WindowsPowerShell\v1.0\;C:\Windows\System32\OpenSSH\;C:\Program Files\nodejs\;C:\Windows\system32\config\systemprofile\AppData\Local\Microsoft\WindowsApps;C:\Program Files\Git\cmd;C:\Program Files (x86)\Windows Kits\10\Windows Performance Toolkit\;C:\dev\path;C:\Users\Bjarke Lund\AppData\Local\Packages\PythonSoftwareFoundation.Python.3.7_qbz5n2kfra8p0\LocalCache\local-packages\Python37\Scripts;C:\Program Files\SourceGear\Common\DiffMerge\;C:\dev\lua;C:\mingw64\bin;C:\dev\hazel\Hazel\vendor\premake\bin;C:\Program Files\dotnet\;C:\Users\TEMP\AppData\Local\Microsoft\WindowsApps;
USERNAME=Bjarke Lund
OS=Windows_NT
PROCESSOR_IDENTIFIER=AMD64 Family 21 Model 101 Stepping 1, AuthenticAMD



---------------  S Y S T E M  ---------------

OS: Windows 10 , 64 bit Build 18362 (10.0.18362.1110)
OS uptime: 6 days 4:29 hours

CPU:total 4 (initial active 4) (4 cores per cpu, 1 threads per core) family 21 model 101 stepping 1, cmov, cx8, fxsr, mmx, sse, sse2, sse3, ssse3, sse4.1, sse4.2, popcnt, avx, avx2, aes, clmul, mmxext, 3dnowpref, lzcnt, sse4a, tsc, tscinvbit, tscinv, bmi1, bmi2, fma

Memory: 4k page, system-wide physical 15815M (8436M free)
TotalPageFile size 18247M (AvailPageFile size 8096M)
current process WorkingSet (physical memory assigned to process): 144M, peak: 144M
current process commit charge ("private bytes"): 455M, peak: 456M

vm_info: OpenJDK 64-Bit Server VM (11.0.8+10-LTS) for windows-amd64 JRE (11.0.8+10-LTS), built on Jul 13 2020 00:42:50 by "Administrator" with MS VC++ 15.9 (VS2017)

END.
